# JRE version: OpenJDK Runtime Environment (17.0.6) (build 17.0.6+0-b2043.56-10027231)
# Java VM: OpenJDK 64-Bit Server VM (17.0.6+0-b2043.56-10027231, mixed mode, tiered, compressed oops, compressed class ptrs, g1 gc, windows-amd64)
GC Precious Log:
 CPUs: 12 total, 12 available
 Memory: 7573M
 Large Page Support: Disabled
 NUMA Support: Disabled
 Compressed Oops: Enabled (32-bit)
 Heap Region Size: 1M
 Heap Min Capacity: 8M
 Heap Initial Capacity: 120M
 Heap Max Capacity: 2G
 Pre-touch: Disabled
 Parallel Workers: 10
 Concurrent Workers: 3
 Concurrent Refinement Workers: 10
 Periodic GC: Disabled
Heap:
 garbage-first heap   total 348160K, used 181248K [0x0000000080000000, 0x0000000100000000)
  region size 1024K, 14 young (14336K), 14 survivors (14336K)
 Metaspace       used 104266K, committed 104960K, reserved 1146880K
  class space    used 14519K, committed 14848K, reserved 1048576K
GC Heap History (20 events):
Event: 6.152 GC heap after
{Heap after GC invocations=33 (full 0):
 garbage-first heap   total 147456K, used 79201K [0x0000000080000000, 0x0000000100000000)
  region size 1024K, 5 young (5120K), 5 survivors (5120K)
 Metaspace       used 90863K, committed 91520K, reserved 1130496K
  class space    used 12555K, committed 12864K, reserved 1048576K
}
Event: 6.223 GC heap before
{Heap before GC invocations=33 (full 0):
 garbage-first heap   total 147456K, used 117089K [0x0000000080000000, 0x0000000100000000)
  region size 1024K, 43 young (44032K), 5 survivors (5120K)
 Metaspace       used 90986K, committed 91648K, reserved 1130496K
  class space    used 12557K, committed 12864K, reserved 1048576K
}
Event: 6.226 GC heap after
{Heap after GC invocations=34 (full 0):
 garbage-first heap   total 147456K, used 82111K [0x0000000080000000, 0x0000000100000000)
  region size 1024K, 4 young (4096K), 4 survivors (4096K)
 Metaspace       used 90986K, committed 91648K, reserved 1130496K
  class space    used 12557K, committed 12864K, reserved 1048576K
}
Event: 6.424 GC heap before
{Heap before GC invocations=35 (full 0):
 garbage-first heap   total 152576K, used 117951K [0x0000000080000000, 0x0000000100000000)
  region size 1024K, 40 young (40960K), 4 survivors (4096K)
 Metaspace       used 91373K, committed 92032K, reserved 1130496K
  class space    used 12594K, committed 12928K, reserved 1048576K
}
Event: 6.427 GC heap after
{Heap after GC invocations=36 (full 0):
 garbage-first heap   total 152576K, used 85102K [0x0000000080000000, 0x0000000100000000)
  region size 1024K, 4 young (4096K), 4 survivors (4096K)
 Metaspace       used 91373K, committed 92032K, reserved 1130496K
  class space    used 12594K, committed 12928K, reserved 1048576K
}
Event: 6.433 GC heap before
{Heap before GC invocations=36 (full 0):
 garbage-first heap   total 152576K, used 88174K [0x0000000080000000, 0x0000000100000000)
  region size 1024K, 7 young (7168K), 4 survivors (4096K)
 Metaspace       used 91386K, committed 92032K, reserved 1130496K
  class space    used 12594K, committed 12928K, reserved 1048576K
}
Event: 6.436 GC heap after
{Heap after GC invocations=37 (full 0):
 garbage-first heap   total 152576K, used 85094K [0x0000000080000000, 0x0000000100000000)
  region size 1024K, 1 young (1024K), 1 survivors (1024K)
 Metaspace       used 91386K, committed 92032K, reserved 1130496K
  class space    used 12594K, committed 12928K, reserved 1048576K
}
Event: 6.565 GC heap before
{Heap before GC invocations=37 (full 0):
 garbage-first heap   total 152576K, used 125030K [0x0000000080000000, 0x0000000100000000)
  region size 1024K, 40 young (40960K), 1 survivors (1024K)
 Metaspace       used 92764K, committed 93440K, reserved 1130496K
  class space    used 12705K, committed 13056K, reserved 1048576K
}
Event: 6.569 GC heap after
{Heap after GC invocations=38 (full 0):
 garbage-first heap   total 152576K, used 87384K [0x0000000080000000, 0x0000000100000000)
  region size 1024K, 3 young (3072K), 3 survivors (3072K)
 Metaspace       used 92764K, committed 93440K, reserved 1130496K
  class space    used 12705K, committed 13056K, reserved 1048576K
}
Event: 6.727 GC heap before
{Heap before GC invocations=39 (full 0):
 garbage-first heap   total 174080K, used 125272K [0x0000000080000000, 0x0000000100000000)
  region size 1024K, 41 young (41984K), 3 survivors (3072K)
 Metaspace       used 93058K, committed 93824K, reserved 1130496K
  class space    used 12741K, committed 13120K, reserved 1048576K
}
Event: 6.731 GC heap after
{Heap after GC invocations=40 (full 0):
 garbage-first heap   total 174080K, used 89910K [0x0000000080000000, 0x0000000100000000)
  region size 1024K, 6 young (6144K), 6 survivors (6144K)
 Metaspace       used 93058K, committed 93824K, reserved 1130496K
  class space    used 12741K, committed 13120K, reserved 1048576K
}
Event: 6.735 GC heap before
{Heap before GC invocations=40 (full 0):
 garbage-first heap   total 174080K, used 90934K [0x0000000080000000, 0x0000000100000000)
  region size 1024K, 8 young (8192K), 6 survivors (6144K)
 Metaspace       used 93064K, committed 93824K, reserved 1130496K
  class space    used 12741K, committed 13120K, reserved 1048576K
}
Event: 6.740 GC heap after
{Heap after GC invocations=41 (full 0):
 garbage-first heap   total 348160K, used 89826K [0x0000000080000000, 0x0000000100000000)
  region size 1024K, 1 young (1024K), 1 survivors (1024K)
 Metaspace       used 93064K, committed 93824K, reserved 1130496K
  class space    used 12741K, committed 13120K, reserved 1048576K
}
Event: 7.089 GC heap before
{Heap before GC invocations=41 (full 0):
 garbage-first heap   total 348160K, used 273122K [0x0000000080000000, 0x0000000100000000)
  region size 1024K, 179 young (183296K), 1 survivors (1024K)
 Metaspace       used 98533K, committed 99264K, reserved 1138688K
  class space    used 13606K, committed 13952K, reserved 1048576K
}
Event: 7.100 GC heap after
{Heap after GC invocations=42 (full 0):
 garbage-first heap   total 348160K, used 120100K [0x0000000080000000, 0x0000000100000000)
  region size 1024K, 23 young (23552K), 23 survivors (23552K)
 Metaspace       used 98533K, committed 99264K, reserved 1138688K
  class space    used 13606K, committed 13952K, reserved 1048576K
}
Event: 7.239 GC heap before
{Heap before GC invocations=42 (full 0):
 garbage-first heap   total 348160K, used 235812K [0x0000000080000000, 0x0000000100000000)
  region size 1024K, 137 young (140288K), 23 survivors (23552K)
 Metaspace       used 101791K, committed 102528K, reserved 1138688K
  class space    used 14081K, committed 14400K, reserved 1048576K
}
Event: 7.259 GC heap after
{Heap after GC invocations=43 (full 0):
 garbage-first heap   total 348160K, used 140701K [0x0000000080000000, 0x0000000100000000)
  region size 1024K, 18 young (18432K), 18 survivors (18432K)
 Metaspace       used 101791K, committed 102528K, reserved 1138688K
  class space    used 14081K, committed 14400K, reserved 1048576K
}
Event: 7.351 GC heap before
{Heap before GC invocations=43 (full 0):
 garbage-first heap   total 348160K, used 247197K [0x0000000080000000, 0x0000000100000000)
  region size 1024K, 123 young (125952K), 18 survivors (18432K)
 Metaspace       used 103499K, committed 104192K, reserved 1146880K
  class space    used 14402K, committed 14720K, reserved 1048576K
}
Event: 7.372 GC heap after
{Heap after GC invocations=44 (full 0):
 garbage-first heap   total 348160K, used 162146K [0x0000000080000000, 0x0000000100000000)
  region size 1024K, 16 young (16384K), 16 survivors (16384K)
 Metaspace       used 103499K, committed 104192K, reserved 1146880K
  class space    used 14402K, committed 14720K, reserved 1048576K
}
Event: 7.427 GC heap before
{Heap before GC invocations=44 (full 0):
 garbage-first heap   total 348160K, used 260450K [0x0000000080000000, 0x0000000100000000)
  region size 1024K, 112 young (114688K), 16 survivors (16384K)
 Metaspace       used 104266K, committed 104960K, reserved 1146880K
  class space    used 14519K, committed 14848K, reserved 1048576K
}

